    STUDENT GPSS/H RELEASE 2.01 (UG172)     08 Mar 2009   01:56:58     FILE: ODEV.gps

    LINE# STMT#  IF DO  BLOCK#  *LOC	OPERATION	A,B,C,D,E,F,G	COMMENTS  
 
        1     1                 	SIMULATE
        2     2              1  	GENERATE 3,1
        3     3              2  	SEIZE SIRA
        4     4              3  	ADVANCE 4
        5     5              4  	RELEASE SIRA
        6     6              5  	TERMINATE 1
        7     7                 	START 75
        8     8                 	END

ENTITY DICTIONARY (IN ASCENDING ORDER BY ENTITY NUMBER; "*" => VALUE CONFLICT.)

       Facilities: 1=SIRA

SYMBOL   VALUE   EQU DEFNS  CONTEXT      REFERENCES BY STATEMENT NUMBER
 
SIRA         1              Facility         3     5



STORAGE REQUIREMENTS (BYTES)

COMPILED CODE:      174
COMPILED DATA:       40
MISCELLANEOUS:        0
ENTITIES:           264
COMMON:           10000
-----------------------
TOTAL:            10478



GPSS/H MODEL SIZE:

CONTROL STATEMENTS      3
BLOCKS                  5



Simulation begins.

RELATIVE CLOCK: 302.5406   ABSOLUTE CLOCK: 302.5406



BLOCK CURRENT     TOTAL  
1           1        76 
2                    75 
3                    75 
4                    75 
5                    75 



          --AVG-UTIL-DURING--                                                               
FACILITY  TOTAL  AVAIL  UNAVL     ENTRIES    AVERAGE   CURRENT  PERCENT  SEIZING  PREEMPTING
           TIME   TIME   TIME               TIME/XACT   STATUS   AVAIL     XACT      XACT   
    SIRA  0.992                        75       4.000    AVAIL                  
          kaynak kullanýmý           girdi sayýsý ortlama iþlem süresi girdi baþýna


  RANDOM    ANTITHETIC     INITIAL     CURRENT      SAMPLE   CHI-SQUARE
  STREAM      VARIATES    POSITION    POSITION       COUNT   UNIFORMITY
       1           OFF      100000      100076          76       N/A



STATUS OF COMMON STORAGE

    9744 BYTES AVAILABLE
     256 IN USE
     368 USED (MAX)

Simulation terminated.  Absolute Clock: 302.5406



Total Block Executions: 376

Blocks / second:        376000

Microseconds / Block:   2.66



Elapsed Time Used (SEC)
 
PASS2:           0.05
LOAD/CTRL:       0.17
EXECUTION:       0.00
---------------------
TOTAL:           0.22

GPSS/H IS A PROPRIETARY PRODUCT OF, AND IS USED UNDER A LICENSE GRANTED BY, THE WOLVERINE SOFTWARE CORPORATION,
4115 ANNANDALE ROAD, ANNANDALE, VIRGINIA 22003-2500, USA.
