    STUDENT GPSS/H RELEASE 2.01 (UG172)     25 Feb 2009   14:42:01     FILE: joebarb.gps

    LINE# STMT#  IF DO  BLOCK#  *LOC	OPERATION	A,B,C,D,E,F,G	COMMENTS  
 
        1     1                 	SIMULATE
        2     2                 *
        3     3                 *	ONE-LINE, SINGLE-SERVER QUEUEING MODEL
        4     4                 *
        5     5              1  	GENERATE	18,6	ARRIVALS EVERY 18 +- 6 MINUTES
        6     6              2  	ADVANCE		0.5	HANG UP COAT
        7     7              3  	SEIZE		JOE	CAPTURE THE BARBER
        8     8              4  	ADVANCE		15,3	HAIRCUT TAKES 15 +- 3 MINUTES
        9     9              5  	RELEASE		JOE	FREE THE BARBER
       10    10              6  	TERMINATE	1	EXIT THE SHOP
       11    11                 *
       12    12                 	START		100
       13    13                 	END

ENTITY DICTIONARY (IN ASCENDING ORDER BY ENTITY NUMBER; "*" => VALUE CONFLICT.)

       Facilities: 1=JOE

SYMBOL   VALUE   EQU DEFNS  CONTEXT      REFERENCES BY STATEMENT NUMBER
 
JOE          1              Facility         7     9



STORAGE REQUIREMENTS (BYTES)

COMPILED CODE:      208
COMPILED DATA:       40
MISCELLANEOUS:        0
ENTITIES:           264
COMMON:           10000
-----------------------
TOTAL:            10512



GPSS/H MODEL SIZE:

CONTROL STATEMENTS      3
BLOCKS                  6



Simulation begins.

RELATIVE CLOCK: 1780.6667   ABSOLUTE CLOCK: 1780.6667



BLOCK CURRENT     TOTAL  
1                   101 
2           1       101 
3                   100 
4                   100 
5                   100 
6                   100 



          --AVG-UTIL-DURING--                                                               
FACILITY  TOTAL  AVAIL  UNAVL     ENTRIES    AVERAGE   CURRENT  PERCENT  SEIZING  PREEMPTING
           TIME   TIME   TIME               TIME/XACT   STATUS   AVAIL     XACT      XACT   
     JOE  0.851                       100      15.149    AVAIL                  



  RANDOM    ANTITHETIC     INITIAL     CURRENT      SAMPLE   CHI-SQUARE
  STREAM      VARIATES    POSITION    POSITION       COUNT   UNIFORMITY
       1           OFF      100000      100202         202      0.70



STATUS OF COMMON STORAGE

    9632 BYTES AVAILABLE
     368 IN USE
     480 USED (MAX)

Simulation terminated.  Absolute Clock: 1780.6667



Total Block Executions: 602

Blocks / second:        602000

Microseconds / Block:   1.66



Elapsed Time Used (SEC)
 
PASS1:           0.05
LOAD/CTRL:       0.17
EXECUTION:       0.00
---------------------
TOTAL:           0.22

GPSS/H IS A PROPRIETARY PRODUCT OF, AND IS USED UNDER A LICENSE GRANTED BY, THE WOLVERINE SOFTWARE CORPORATION,
4115 ANNANDALE ROAD, ANNANDALE, VIRGINIA 22003-2500, USA.
