    STUDENT GPSS/H RELEASE 2.01 (UG172)     23 Mar 2009   00:13:49     FILE: odev5.gps

    LINE# STMT#  IF DO  BLOCK#  *LOC	OPERATION	A,B,C,D,E,F,G	COMMENTS  
 
        1     1                 	SIMULATE
        2     2              1  	QUEUE TAM
        3     3              2  	QUEUE ASNSRT
        4     4              3  	GENERATE 3,1
        5     5              4  	ADVANCE 4,2
        6     6              5  	SEIZE ASANSOR
        7     7              6  	ADVANCE 4,3
        8     8              7  	RELEASE ASANSOR
        9     9              8  	DEPART ASNSRT
       10    10              9  	QUEUE MAKINAT
       11    11             10  	SEIZE MAKINA
       12    12             11  	ADVANCE 6,2
       13    13             12  	RELEASE MAKINA
       14    14             13  	DEPART MAKINAT
       15    15             14  	QUEUE ISCIT
       16    16             15  	SEIZE ISCI
       17    17             16  	ADVANCE 10,2
       18    18             17  	RELEASE ISCI
       19    19             18  	DEPART ISCIT
       20    20             19  	DEPART TAM
       21    21             20  	TERMINATE 1
       22    22                 	START 200
       23    23                 	END

ENTITY DICTIONARY (IN ASCENDING ORDER BY ENTITY NUMBER; "*" => VALUE CONFLICT.)

       Facilities: 1=ASANSOR       2=MAKINA        3=ISCI

           Queues: 1=TAM           2=ASNSRT        3=MAKINAT       4=ISCIT

SYMBOL   VALUE   EQU DEFNS  CONTEXT      REFERENCES BY STATEMENT NUMBER
 
ASANSOR      1              Facility         6     8
ISCI         3              Facility        16    18
MAKINA       2              Facility        11    13
 
ASNSRT       2              Queue            3     9
ISCIT        4              Queue           15    19
MAKINAT      3              Queue           10    14
TAM          1              Queue            2    20



STORAGE REQUIREMENTS (BYTES)

COMPILED CODE:      470
COMPILED DATA:       40
MISCELLANEOUS:        0
ENTITIES:           552
COMMON:           10000
-----------------------
TOTAL:            11062



GPSS/H MODEL SIZE:

CONTROL STATEMENTS      3
BLOCKS                 20



Simulation begins.

WARNING NUMBER 414 - DEPARTing Transaction not a member of the Queue <----------


XACT 1 FROM 7 TO 8    ABSCLOCK: 13.1103    RELCLOCK: 13.1103    TTG: 200

XACT     CURBLK   NXTBLK   CHAINS  SDPGFT**   MARK-TIME   MOVE-TIME   PRIORITY   PC ASMSET     ADDR

1        7        8        CEC                   2.5406     13.1103          0               52059770

ERROR NUMBER 413 - Queue contents have been decremented to less than zero


XACT 1 FROM 7 TO 8    ABSCLOCK: 13.1103    RELCLOCK: 13.1103    TTG: 200

XACT     CURBLK   NXTBLK   CHAINS  SDPGFT**   MARK-TIME   MOVE-TIME   PRIORITY   PC ASMSET     ADDR

1        7        8        CEC                   2.5406     13.1103          0               52059770



RELATIVE CLOCK: 13.1103   ABSOLUTE CLOCK: 13.1103



BLOCK CURRENT     TOTAL  BLOCK CURRENT     TOTAL  
1                     0  11                    0 
2                     0  12                    0 
3                     4  13                    0 
4           3         4  14                    0 
5                     1  15                    0 
6                     1  16                    0 
7                     1  17                    0 
8                     0  18                    0 
9                     0  19                    0 
10                    0  20                    0 



CURRENT EVENTS CHAIN

XACT     CURBLK   NXTBLK   CHAINS  SDPGFT**   MARK-TIME   MOVE-TIME   PRIORITY   PC ASMSET     ADDR

2        4        5        CEC      D            5.5393      8.0220          0               520596B0

XACT     CURBLK   NXTBLK   CHAINS  SDPGFT**   MARK-TIME   MOVE-TIME   PRIORITY   PC ASMSET     ADDR

1        7        8        CEC                   2.5406     13.1103          0               52059770



FUTURE EVENTS CHAIN

XACT     CURBLK   NXTBLK   CHAINS  SDPGFT**   MARK-TIME   MOVE-TIME   PRIORITY   PC ASMSET     ADDR

4        4        5        FEC                  10.8283     13.1984          0               520595D0

XACT     CURBLK   NXTBLK   CHAINS  SDPGFT**   MARK-TIME   MOVE-TIME   PRIORITY   PC ASMSET     ADDR

3        4        5        FEC                   7.9475     13.3853          0               52059640

XACT     CURBLK   NXTBLK   CHAINS  SDPGFT**   MARK-TIME   MOVE-TIME   PRIORITY   PC ASMSET     ADDR

5        "BIRTH"  3        FEC                   ---        14.4130          0               52059560

          --AVG-UTIL-DURING--                                                               
FACILITY  TOTAL  AVAIL  UNAVL     ENTRIES    AVERAGE   CURRENT  PERCENT  SEIZING  PREEMPTING
           TIME   TIME   TIME               TIME/XACT   STATUS   AVAIL     XACT      XACT   
 ASANSOR  0.428                         1       5.611    AVAIL                  



  RANDOM    ANTITHETIC     INITIAL     CURRENT      SAMPLE   CHI-SQUARE
  STREAM      VARIATES    POSITION    POSITION       COUNT   UNIFORMITY
       1           OFF      100000      100010          10       N/A



STATUS OF COMMON STORAGE

    9296 BYTES AVAILABLE
     704 IN USE
     704 USED (MAX)



Simulation terminated.  Absolute Clock: 13.1103



Total Block Executions: 11

Blocks / second:        11000

Microseconds / Block:  90.91



Elapsed Time Used (SEC)
 
PASS1:           0.06
LOAD/CTRL:       0.16
EXECUTION:       0.00
OUTPUT:          0.39
---------------------
TOTAL:           0.61

GPSS/H IS A PROPRIETARY PRODUCT OF, AND IS USED UNDER A LICENSE GRANTED BY, THE WOLVERINE SOFTWARE CORPORATION,
4115 ANNANDALE ROAD, ANNANDALE, VIRGINIA 22003-2500, USA.
