    STUDENT GPSS/H RELEASE 2.01 (UG172)     08 Apr 2009   00:50:31     FILE: banka.gps

    LINE# STMT#  IF DO  BLOCK#  *LOC	OPERATION	A,B,C,D,E,F,G	COMMENTS  
 
        1     1                 	SIMULATE
        2     2                 	STORAGE S(GISE),2/S(VEZNE),3
        3     3              1  	GENERATE 4,1
        4     4              2  	QUEUE DNSM
        5     5              3  	SEIZE DANISMA
        6     6              4  	DEPART DNSM
        7     7              5  	ADVANCE 5,3
        8     8              6  	RELEASE DANISMA
        9     9              7  	QUEUE GS
       10    10              8  	ENTER GISE
       11    11              9  	DEPART GS
       12    12             10  	ADVANCE 5,1
       13    13             11  	LEAVE GISE
       14    14             12  	QUEUE VZ
       15    15             13  	ENTER VEZNE
       16    16             14  	DEPART VZ
       17    17             15  	ADVANCE 10,4
       18    18             16  	LEAVE VEZNE
       19    19             17  	TERMINATE 1
       20    20                 	START 50
       21    21                 	END

ENTITY DICTIONARY (IN ASCENDING ORDER BY ENTITY NUMBER; "*" => VALUE CONFLICT.)

       Facilities: 1=DANISMA

           Queues: 1=DNSM          2=GS            3=VZ

         Storages: 1=GISE          2=VEZNE

SYMBOL   VALUE   EQU DEFNS  CONTEXT      REFERENCES BY STATEMENT NUMBER
 
GISE         1              Absolute         2
VEZNE        2              Absolute         2
 
DANISMA      1              Facility         5     8
 
DNSM         1              Queue            4     6
GS           2              Queue            9    11
VZ           3              Queue           14    16
 
GISE         1           2  Storage         10    13
VEZNE        2           2  Storage         15    18



STORAGE REQUIREMENTS (BYTES)

COMPILED CODE:      462
COMPILED DATA:       40
MISCELLANEOUS:        0
ENTITIES:           580
COMMON:           10000
-----------------------
TOTAL:            11082



GPSS/H MODEL SIZE:

CONTROL STATEMENTS      4
BLOCKS                 17



Simulation begins.

RELATIVE CLOCK: 279.4492   ABSOLUTE CLOCK: 279.4492



BLOCK CURRENT     TOTAL  BLOCK CURRENT     TOTAL  
1                    69  11                   52 
2          16        69  12                   52 
3                    53  13                   52 
4                    53  14                   52 
5           1        53  15          2        52 
6                    52  16                   50 
7                    52  17                   50 
8                    52 
9                    52 
10                   52 



          --AVG-UTIL-DURING--                                                               
FACILITY  TOTAL  AVAIL  UNAVL     ENTRIES    AVERAGE   CURRENT  PERCENT  SEIZING  PREEMPTING
           TIME   TIME   TIME               TIME/XACT   STATUS   AVAIL     XACT      XACT   
 DANISMA  0.987                        53       5.206    AVAIL               53 



          --AVG-UTIL-DURING--                                                                                          
 STORAGE  TOTAL  AVAIL  UNAVL     ENTRIES    AVERAGE   CURRENT  PERCENT    CAPACITY     AVERAGE     CURRENT     MAXIMUM
           TIME   TIME   TIME               TIME/UNIT   STATUS   AVAIL                 CONTENTS    CONTENTS    CONTENTS
    GISE  0.460                        52       4.948    AVAIL   100.0            2       0.921           0           2
   VEZNE  0.607                        52       9.790    AVAIL   100.0            3       1.822           2           3



   QUEUE     MAXIMUM      AVERAGE       TOTAL        ZERO     PERCENT      AVERAGE      $AVERAGE     QTABLE     CURRENT
            CONTENTS     CONTENTS      ENTRIES     ENTRIES     ZEROS      TIME/UNIT    TIME/UNIT     NUMBER    CONTENTS
    DNSM          16        8.137          69           1        1.4        32.956        33.440                     16
      GS           1        0.002          52          51       98.1         0.013         0.663                      0
      VZ           1        0.013          52          50       96.2         0.072         1.869                      0



  RANDOM    ANTITHETIC     INITIAL     CURRENT      SAMPLE   CHI-SQUARE
  STREAM      VARIATES    POSITION    POSITION       COUNT   UNIFORMITY
       1           OFF      100000      100227         227      0.70



STATUS OF COMMON STORAGE

    7296 BYTES AVAILABLE
    2704 IN USE
    2928 USED (MAX)

Simulation terminated.  Absolute Clock: 279.4492



Total Block Executions: 917

Blocks / second:        917000

Microseconds / Block:   1.09



Elapsed Time Used (SEC)
 
PASS1:           0.06
PASS2:           0.05
LOAD/CTRL:       0.17
EXECUTION:       0.00
---------------------
TOTAL:           0.28

GPSS/H IS A PROPRIETARY PRODUCT OF, AND IS USED UNDER A LICENSE GRANTED BY, THE WOLVERINE SOFTWARE CORPORATION,
4115 ANNANDALE ROAD, ANNANDALE, VIRGINIA 22003-2500, USA.
